<?xml version="1.0" encoding="UTF-8"?>
<!-- Generated by org.testng.reporters.JUnitReportReporter -->
<testsuite skipped="0" hostname="QEDGE12-PC" name="p1.Parameterization" tests="2" failures="0" timestamp="20 Jan 2017 15:38:56 GMT" time="0.014" errors="0">
  <testcase name="Login" time="0.013" classname="p1.Parameterization"/>
  <testcase name="Login" time="0.001" classname="p1.Parameterization"/>
</testsuite> <!-- p1.Parameterization -->
