<?xml version="1.0" encoding="UTF-8"?>
<!-- Generated by org.testng.reporters.JUnitReportReporter -->
<testsuite skipped="0" hostname="QEDGE12-PC" name="p1.TestNG1" tests="1" failures="0" timestamp="17 Jan 2017 15:04:13 GMT" time="0.015" errors="0">
  <testcase name="method_1" time="0.015" classname="p1.TestNG1"/>
</testsuite> <!-- p1.TestNG1 -->
