<?xml version="1.0" encoding="UTF-8"?>
<!-- Generated by org.testng.reporters.JUnitReportReporter -->
<testsuite skipped="0" hostname="QEDGE12-PC" name="p1.Accounts" tests="1" failures="0" timestamp="17 Jan 2017 15:28:04 GMT" time="0.013" errors="0">
  <testcase name="Login" time="0.013" classname="p1.Accounts"/>
</testsuite> <!-- p1.Accounts -->
